<?xml version="1.0" encoding="UTF-8"?>
<testsuite xmlns:xsi="http://www.w3.org/2001/XMLSchema-instance" xsi:noNamespaceSchemaLocation="https://maven.apache.org/surefire/maven-surefire-plugin/xsd/surefire-test-report-3.0.xsd" version="3.0" name="runners.CukesRunner" time="13.778" tests="1" errors="0" skipped="0" failures="0">
  <properties>
[...]
</properties>
  <testcase name="Accès à la page d&apos;accueil et sélection de la langue française" classname="Navigation vers la page d&apos;accueil de l&apos;application Wigl" time="12.824">
    <system-out><![CDATA[
@wigl @accueil @smoke @homepage @language
Scenario: Accès à la page d'accueil et sélection de la langue française # src/test/resources/features/wigl_login.feature:8

    Plateforme de test: ANDROID

21:22:17.045 [main] ERROR io.qameta.allure.AllureLifecycle -- Could not update test case: test case with uuid Navigation vers la page d'accueil de l'application Wigl1e6ac1da-15c9-4be0-bf8e-bb12477bb7b0BEFOREstepDefinitions.Hooks.setUp(io.cucumber.java.Scenario) not found
21:22:17.050 [main] ERROR io.qameta.allure.AllureLifecycle -- Could not update test case: test case with uuid Navigation vers la page d'accueil de l'application Wigl1e6ac1da-15c9-4be0-bf8e-bb12477bb7b0BEFOREstepDefinitions.Hooks.setUp(io.cucumber.java.Scenario) not found

=== Nouveau Scénario Commence: Accès à la page d'accueil et sélection de la langue française - Android ===
Plateforme: android
Démarrage de l'application pour le scénario - Plateforme: android
21:22:17.052 [main] INFO utils.Driver -- Starting Android driver...
21:22:21.457 [main] INFO utils.Driver -- ANDROID driver created successfully!

    Application démarrée avec succès: ANDROID

Driver créé avec succès: android
Application Wigl lancée avec succès
  Given l'application Wigl est lancée                                   # stepDefinitions.WiglLoginSteps.lApplicationWiglEstLancee()
  Then l'utilisateur devrait voir les éléments de la page d'accueil     # stepDefinitions.WiglLoginSteps.lUtilisateurDevraitVoirLesElementsDeLaPageDAccueil()
Successfully scrolled Wigl text up
Language toggle button found
  When l'utilisateur voit les options de langue                         # stepDefinitions.WiglLoginSteps.lUtilisateurVoitLesOptionsDeLangue()
Attempting to select language
Language toggle button found, clicking...
Close button found, clicking...
  And l'utilisateur sélectionne "Français"                              # stepDefinitions.WiglLoginSteps.l_utilisateur_sélectionne(java.lang.String)
  Then l'application devrait être en français                           # stepDefinitions.WiglLoginSteps.lApplicationDevraitEtreEnFrancais()

=== Scénario Terminé: Accès à la page d'accueil et sélection de la langue française ===
Résultat: RÉUSSITE

    Test terminé - Plateforme: ANDROID, Résultat: RÉUSSITE

Fermeture forcée de l'application...
21:22:29.582 [main] INFO utils.Driver -- Driver closed successfully
Application fermée avec succès.

]]></system-out>
  </testcase>
</testsuite>